c:\users\bartek\documents\visual studio 2010\projects\sedziowka\sedziowka\debug\sedziowka.pch
c:\users\bartek\documents\visual studio 2010\projects\sedziowka\sedziowka\debug\stdafx.obj
c:\users\bartek\documents\visual studio 2010\projects\sedziowka\sedziowka\debug\vc100.pdb
c:\users\bartek\documents\visual studio 2010\projects\sedziowka\sedziowka\debug\sedziowka.obj
c:\users\bartek\documents\visual studio 2010\projects\sedziowka\sedziowka\debug\assemblyinfo.obj
c:\users\bartek\documents\visual studio 2010\projects\sedziowka\sedziowka\debug\.netframework,version=v4.0.assemblyattributes.obj
c:\users\bartek\documents\visual studio 2010\projects\sedziowka\sedziowka\debug\sedziowka.form1.resources
c:\users\bartek\documents\visual studio 2010\projects\sedziowka\sedziowka\debug\sedziowka.stoly.resources
c:\users\bartek\documents\visual studio 2010\projects\sedziowka\debug\sedziowka.ilk
c:\users\bartek\documents\visual studio 2010\projects\sedziowka\debug\sedziowka.exe
c:\users\bartek\documents\visual studio 2010\projects\sedziowka\sedziowka\debug\sedziowka.exe.intermediate.manifest
c:\users\bartek\documents\visual studio 2010\projects\sedziowka\debug\sedziowka.pdb
c:\users\bartek\documents\visual studio 2010\projects\sedziowka\sedziowka\debug\app.res
e:\sedziowka\sedziowka\debug\sedziowka.pch
e:\sedziowka\sedziowka\debug\vc120.pdb
e:\sedziowka\sedziowka\debug\stdafx.obj
e:\sedziowka\sedziowka\debug\sedziowka.obj
e:\sedziowka\sedziowka\debug\assemblyinfo.obj
e:\sedziowka\sedziowka\debug\.netframework,version=v4.5.assemblyattributes.obj
e:\sedziowka\sedziowka\debug\sedziowka.form1.resources
e:\sedziowka\sedziowka\debug\sedziowka.stoly.resources
e:\sedziowka\sedziowka\debug\app.res
e:\sedziowka\sedziowka\debug\sedziowka.vcxprojresolveassemblyreference.cache
e:\sedziowka\sedziowka\debug\sedziowka.vcxproj.generateresource.cache
e:\sedziowka\sedziowka\debug\.netframework,version=v4.0.assemblyattributes.obj
e:\sedziowka\sedziowka\debug\cl.command.1.tlog
e:\sedziowka\sedziowka\debug\cl.read.1.tlog
e:\sedziowka\sedziowka\debug\cl.write.1.tlog
e:\sedziowka\sedziowka\debug\generateresource.read.9.tlog
e:\sedziowka\sedziowka\debug\generateresource.write.9.tlog
e:\sedziowka\sedziowka\debug\link.5584-cvtres.read.1.tlog
e:\sedziowka\sedziowka\debug\link.5584-cvtres.write.1.tlog
e:\sedziowka\sedziowka\debug\link.5584.read.1.tlog
e:\sedziowka\sedziowka\debug\link.5584.write.1.tlog
e:\sedziowka\sedziowka\debug\link.5968-cvtres.read.1.tlog
e:\sedziowka\sedziowka\debug\link.5968-cvtres.write.1.tlog
e:\sedziowka\sedziowka\debug\link.5968.read.1.tlog
e:\sedziowka\sedziowka\debug\link.5968.write.1.tlog
e:\sedziowka\sedziowka\debug\link.command.1.tlog
e:\sedziowka\sedziowka\debug\link.read.1.tlog
e:\sedziowka\sedziowka\debug\link.write.1.tlog
e:\sedziowka\sedziowka\debug\metagen.read.1.tlog
e:\sedziowka\sedziowka\debug\metagen.write.1.tlog
e:\sedziowka\sedziowka\debug\mt.command.1.tlog
e:\sedziowka\sedziowka\debug\mt.read.1.tlog
e:\sedziowka\sedziowka\debug\mt.write.1.tlog
e:\sedziowka\sedziowka\debug\rc.command.1.tlog
e:\sedziowka\sedziowka\debug\rc.read.1.tlog
e:\sedziowka\sedziowka\debug\rc.write.1.tlog
e:\sedziowka\sedziowka\debug\sedziowka.write.1.tlog
e:\sedziowka\sedziowka\debug\sedziowka.exe.intermediate.manifest
e:\sedziowka\sedziowka\debug\vc100.pdb
e:\sedziowka\sedziowka\debug\rsaenh.dll.bi
e:\sedziowka\sedziowka\debug\tzres.dll.bi
e:\sedziowka\sedziowka\debug\sedziowka.tlog\metagen.write.1.tlog
e:\sedziowka\sedziowka\debug\sedziowka.tlog\cl.read.1.tlog
e:\sedziowka\sedziowka\debug\sedziowka.tlog\cl.write.1.tlog
e:\sedziowka\sedziowka\debug\sedziowka.tlog\cl.command.1.tlog
e:\sedziowka\sedziowka\debug\sedziowka.tlog\metagen.read.1.tlog
e:\sedziowka\sedziowka\debug\sedziowka.tlog\sedziowka.write.1u.tlog
e:\sedziowka\sedziowka\debug\sedziowka.tlog\rc.read.1.tlog
e:\sedziowka\sedziowka\debug\sedziowka.tlog\rc.write.1.tlog
e:\sedziowka\sedziowka\debug\sedziowka.tlog\rc.command.1.tlog
e:\sedziowka\sedziowka\debug\sedziowka.tlog\link.7480-rc.read.1.tlog
e:\sedziowka\sedziowka\debug\sedziowka.tlog\link.7480-rc.write.1.tlog
e:\sedziowka\sedziowka\debug\sedziowka.tlog\link.7480-cvtres.read.1.tlog
e:\sedziowka\sedziowka\debug\sedziowka.tlog\link.7480-cvtres.write.1.tlog
e:\sedziowka\sedziowka\debug\sedziowka.tlog\link.7480.read.1.tlog
e:\sedziowka\sedziowka\debug\sedziowka.tlog\link.7480.write.1.tlog
e:\sedziowka\sedziowka\debug\sedziowka.tlog\link.read.1.tlog
e:\sedziowka\sedziowka\debug\sedziowka.tlog\link.write.1.tlog
e:\sedziowka\sedziowka\debug\sedziowka.tlog\link.command.1.tlog
e:\sedziowka\sedziowka\debug\sedziowka.tlog\rsaenh.dll.bi
e:\sedziowka\sedziowka\debug\sedziowka.tlog\tzres.dll.bi
